e:\github\diskvolumesexplorer\diskvolumesexplorer\diskvolumesexplorer.native\x64\debug\diskvolumesexplorer.native.pch
e:\github\diskvolumesexplorer\diskvolumesexplorer\diskvolumesexplorer.native\x64\debug\vc140.pdb
e:\github\diskvolumesexplorer\diskvolumesexplorer\diskvolumesexplorer.native\x64\debug\vc140.idb
e:\github\diskvolumesexplorer\diskvolumesexplorer\diskvolumesexplorer.native\x64\debug\stdafx.obj
e:\github\diskvolumesexplorer\diskvolumesexplorer\diskvolumesexplorer.native\x64\debug\diskvolumesexplorer.native.pdb
e:\github\diskvolumesexplorer\diskvolumesexplorer\diskvolumesexplorer.native\x64\debug\diskvolumesexplorer.native.idb
e:\github\diskvolumesexplorer\diskvolumesexplorer\diskvolumesexplorer.native\x64\debug\diskvolumesmanager.obj
e:\github\diskvolumesexplorer\diskvolumesexplorer\diskvolumesexplorer.native\x64\debug\vixdiskliberrwrapper.obj
e:\github\diskvolumesexplorer\diskvolumesexplorer\diskvolumesexplorer.native\x64\debug\vixdisklibinitializer.obj
e:\github\diskvolumesexplorer\diskvolumesexplorer\diskvolumesexplorer.native\x64\debug\vixmntapiinitializer.obj
e:\github\diskvolumesexplorer\diskvolumesexplorer\diskvolumesexplorer.native\x64\debug\vmwareutils.obj
e:\github\diskvolumesexplorer\diskvolumesexplorer\x64\debug\diskvolumesexplorer.native.ilk
e:\github\diskvolumesexplorer\diskvolumesexplorer\x64\debug\diskvolumesexplorer.native.dll
e:\github\diskvolumesexplorer\diskvolumesexplorer\x64\debug\diskvolumesexplorer.native.pdb
e:\github\diskvolumesexplorer\diskvolumesexplorer\x64\debug\diskvolumesexplorer.native.lib
e:\github\diskvolumesexplorer\diskvolumesexplorer\diskvolumesexplorer.native\x64\debug\diskvolu.e21ff9a7.tlog\cl.read.1.tlog
e:\github\diskvolumesexplorer\diskvolumesexplorer\diskvolumesexplorer.native\x64\debug\diskvolu.e21ff9a7.tlog\cl.write.1.tlog
e:\github\diskvolumesexplorer\diskvolumesexplorer\diskvolumesexplorer.native\x64\debug\diskvolu.e21ff9a7.tlog\cl.command.1.tlog
e:\github\diskvolumesexplorer\diskvolumesexplorer\diskvolumesexplorer.native\x64\debug\diskvolu.e21ff9a7.tlog\link.read.1.tlog
e:\github\diskvolumesexplorer\diskvolumesexplorer\diskvolumesexplorer.native\x64\debug\diskvolu.e21ff9a7.tlog\link.write.1.tlog
e:\github\diskvolumesexplorer\diskvolumesexplorer\diskvolumesexplorer.native\x64\debug\diskvolu.e21ff9a7.tlog\link.command.1.tlog
e:\github\diskvolumesexplorer\diskvolumesexplorer\diskvolumesexplorer.native\x64\debug\diskvolu.e21ff9a7.tlog\lib-link.read.1.tlog
e:\github\diskvolumesexplorer\diskvolumesexplorer\diskvolumesexplorer.native\x64\debug\diskvolu.e21ff9a7.tlog\lib-link.write.1.tlog
e:\github\diskvolumesexplorer\diskvolumesexplorer\diskvolumesexplorer.native\x64\debug\diskvolu.e21ff9a7.tlog\lib.command.1.tlog
