e:\github\diskvolumesexplorer\diskvolumesexplorer\diskvolumesexplorer.native.clr\x64\debug\diskvolumesexplorer.native.clr.pch
e:\github\diskvolumesexplorer\diskvolumesexplorer\diskvolumesexplorer.native.clr\x64\debug\vc140.pdb
e:\github\diskvolumesexplorer\diskvolumesexplorer\diskvolumesexplorer.native.clr\x64\debug\stdafx.obj
e:\github\diskvolumesexplorer\diskvolumesexplorer\diskvolumesexplorer.native.clr\x64\debug\diskvolumesmanagerclr.obj
e:\github\diskvolumesexplorer\diskvolumesexplorer\diskvolumesexplorer.native.clr\x64\debug\assemblyinfo.obj
e:\github\diskvolumesexplorer\diskvolumesexplorer\diskvolumesexplorer.native.clr\x64\debug\.netframework,version=v4.5.2.assemblyattributes.obj
e:\github\diskvolumesexplorer\diskvolumesexplorer\diskvolumesexplorer.native.clr\x64\debug\.netframework,version=v4.5.2.assemblyattributes.asm
e:\github\diskvolumesexplorer\diskvolumesexplorer\diskvolumesexplorer.native.clr\x64\debug\app.res
e:\github\diskvolumesexplorer\diskvolumesexplorer\x64\debug\diskvolumesexplorer.native.clr.dll
e:\github\diskvolumesexplorer\diskvolumesexplorer\x64\debug\diskvolumesexplorer.native.clr.pdb
e:\github\diskvolumesexplorer\diskvolumesexplorer\diskvolumesexplorer.native.clr\x64\debug\diskvolu.f2479956.tlog\metagen.write.1.tlog
e:\github\diskvolumesexplorer\diskvolumesexplorer\diskvolumesexplorer.native.clr\x64\debug\diskvolu.f2479956.tlog\cl.read.1.tlog
e:\github\diskvolumesexplorer\diskvolumesexplorer\diskvolumesexplorer.native.clr\x64\debug\diskvolu.f2479956.tlog\cl.write.1.tlog
e:\github\diskvolumesexplorer\diskvolumesexplorer\diskvolumesexplorer.native.clr\x64\debug\diskvolu.f2479956.tlog\cl.command.1.tlog
e:\github\diskvolumesexplorer\diskvolumesexplorer\diskvolumesexplorer.native.clr\x64\debug\diskvolu.f2479956.tlog\metagen.read.1.tlog
e:\github\diskvolumesexplorer\diskvolumesexplorer\diskvolumesexplorer.native.clr\x64\debug\diskvolu.f2479956.tlog\rc.read.1.tlog
e:\github\diskvolumesexplorer\diskvolumesexplorer\diskvolumesexplorer.native.clr\x64\debug\diskvolu.f2479956.tlog\rc.write.1.tlog
e:\github\diskvolumesexplorer\diskvolumesexplorer\diskvolumesexplorer.native.clr\x64\debug\diskvolu.f2479956.tlog\rc.command.1.tlog
e:\github\diskvolumesexplorer\diskvolumesexplorer\diskvolumesexplorer.native.clr\x64\debug\diskvolu.f2479956.tlog\link.read.1.tlog
e:\github\diskvolumesexplorer\diskvolumesexplorer\diskvolumesexplorer.native.clr\x64\debug\diskvolu.f2479956.tlog\link.write.1.tlog
e:\github\diskvolumesexplorer\diskvolumesexplorer\diskvolumesexplorer.native.clr\x64\debug\diskvolu.f2479956.tlog\link.command.1.tlog
e:\github\diskvolumesexplorer\diskvolumesexplorer\diskvolumesexplorer.native.clr\x64\debug\diskvolu.f2479956.tlog\tzres.dll.bi
